0 info it worked if it ends with ok
1 verbose cli [ 'E:\\Programs\\nodeJS\\node.exe',
1 verbose cli   'E:\\Programs\\nodeJS\\node_modules\\npm\\bin\\npm-cli.js',
1 verbose cli   'start' ]
2 info using npm@3.10.3
3 info using node@v6.3.0
4 verbose run-script [ 'prestart', 'start', 'poststart' ]
5 info lifecycle tasks-api@1.3.0~prestart: tasks-api@1.3.0
6 silly lifecycle tasks-api@1.3.0~prestart: no script for prestart, continuing
7 info lifecycle tasks-api@1.3.0~start: tasks-api@1.3.0
8 verbose lifecycle tasks-api@1.3.0~start: unsafe-perm in lifecycle true
9 verbose lifecycle tasks-api@1.3.0~start: PATH: E:\Programs\nodeJS\node_modules\npm\bin\node-gyp-bin;E:\Projects\TasksApp\node_modules\.bin;E:\Programs\nodeJS;C:\ProgramData\Oracle\Java\javapath;C:\WINDOWS\system32;C:\WINDOWS;C:\WINDOWS\System32\Wbem;C:\WINDOWS\System32\WindowsPowerShell\v1.0\;C:\Program Files\Microsoft SQL Server\110\Tools\Binn\;C:\Program Files (x86)\NVIDIA Corporation\PhysX\Common;C:\WINDOWS\system32;C:\WINDOWS;C:\WINDOWS\System32\Wbem;C:\WINDOWS\System32\WindowsPowerShell\v1.0\;C:\Program Files (x86)\Skype\Phone\;E:\Programs\nodeJS\;E:\Programs\Git\cmd;C:\Users\Tendo\AppData\Local\atom\bin;C:\Users\Tendo\AppData\Roaming\npm;C:\Users\Tendo\AppData\Local\Microsoft\WindowsApps;;E:\Programs\Microsoft VS Code\bin
10 verbose lifecycle tasks-api@1.3.0~start: CWD: E:\Projects\TasksApp
11 silly lifecycle tasks-api@1.3.0~start: Args: [ '/d /s /c', 'npm-run-all --parallel open:src lint:watch' ]
12 silly lifecycle tasks-api@1.3.0~start: Returned: code: 1  signal: null
13 info lifecycle tasks-api@1.3.0~start: Failed to exec start script
14 verbose stack Error: tasks-api@1.3.0 start: `npm-run-all --parallel open:src lint:watch`
14 verbose stack Exit status 1
14 verbose stack     at EventEmitter.<anonymous> (E:\Programs\nodeJS\node_modules\npm\lib\utils\lifecycle.js:242:16)
14 verbose stack     at emitTwo (events.js:106:13)
14 verbose stack     at EventEmitter.emit (events.js:191:7)
14 verbose stack     at ChildProcess.<anonymous> (E:\Programs\nodeJS\node_modules\npm\lib\utils\spawn.js:40:14)
14 verbose stack     at emitTwo (events.js:106:13)
14 verbose stack     at ChildProcess.emit (events.js:191:7)
14 verbose stack     at maybeClose (internal/child_process.js:852:16)
14 verbose stack     at Process.ChildProcess._handle.onexit (internal/child_process.js:215:5)
15 verbose pkgid tasks-api@1.3.0
16 verbose cwd E:\Projects\TasksApp
17 error Windows_NT 10.0.14393
18 error argv "E:\\Programs\\nodeJS\\node.exe" "E:\\Programs\\nodeJS\\node_modules\\npm\\bin\\npm-cli.js" "start"
19 error node v6.3.0
20 error npm  v3.10.3
21 error code ELIFECYCLE
22 error tasks-api@1.3.0 start: `npm-run-all --parallel open:src lint:watch`
22 error Exit status 1
23 error Failed at the tasks-api@1.3.0 start script 'npm-run-all --parallel open:src lint:watch'.
23 error Make sure you have the latest version of node.js and npm installed.
23 error If you do, this is most likely a problem with the tasks-api package,
23 error not with npm itself.
23 error Tell the author that this fails on your system:
23 error     npm-run-all --parallel open:src lint:watch
23 error You can get information on how to open an issue for this project with:
23 error     npm bugs tasks-api
23 error Or if that isn't available, you can get their info via:
23 error     npm owner ls tasks-api
23 error There is likely additional logging output above.
24 verbose exit [ 1, true ]
